This file contains any messages produced by compilers while
running configure, to aid debugging if configure makes a mistake.

It was created by configure, which was
generated by GNU Autoconf 2.68.  Invocation command line was

  $ ./configure --enable-jsmin

## --------- ##
## Platform. ##
## --------- ##

hostname = andreas-desktop32
uname -m = i686
uname -r = 3.0.0-12-generic-pae
uname -s = Linux
uname -v = #20-Ubuntu SMP Fri Oct 7 16:37:17 UTC 2011

/usr/bin/uname -p = unknown
/bin/uname -X     = unknown

/bin/arch              = unknown
/usr/bin/arch -k       = unknown
/usr/convex/getsysinfo = unknown
/usr/bin/hostinfo      = unknown
/bin/machine           = unknown
/usr/bin/oslevel       = unknown
/bin/universe          = unknown

PATH: /usr/lib/lightdm/lightdm
PATH: /usr/local/sbin
PATH: /usr/local/bin
PATH: /usr/sbin
PATH: /usr/bin
PATH: /sbin
PATH: /bin
PATH: /usr/games


## ----------- ##
## Core tests. ##
## ----------- ##

configure:2275: checking for grep that handles long lines and -e
configure:2333: result: /bin/grep
configure:2338: checking for egrep
configure:2400: result: /bin/grep -E
configure:2405: checking for a sed that does not truncate output
configure:2459: result: /bin/sed
configure:2591: checking for cc
configure:2607: found /usr/bin/cc
configure:2618: result: cc
configure:2649: checking for C compiler version
configure:2658: cc --version >&5
cc (Ubuntu/Linaro 4.6.1-9ubuntu3) 4.6.1
Copyright (C) 2011 Free Software Foundation, Inc.
This is free software; see the source for copying conditions.  There is NO
warranty; not even for MERCHANTABILITY or FITNESS FOR A PARTICULAR PURPOSE.

configure:2669: $? = 0
configure:2658: cc -v >&5
Using built-in specs.
COLLECT_GCC=cc
COLLECT_LTO_WRAPPER=/usr/lib/gcc/i686-linux-gnu/4.6.1/lto-wrapper
Target: i686-linux-gnu
Configured with: ../src/configure -v --with-pkgversion='Ubuntu/Linaro 4.6.1-9ubuntu3' --with-bugurl=file:///usr/share/doc/gcc-4.6/README.Bugs --enable-languages=c,c++,fortran,objc,obj-c++,go --prefix=/usr --program-suffix=-4.6 --enable-shared --enable-linker-build-id --with-system-zlib --libexecdir=/usr/lib --without-included-gettext --enable-threads=posix --with-gxx-include-dir=/usr/include/c++/4.6 --libdir=/usr/lib --enable-nls --with-sysroot=/ --enable-clocale=gnu --enable-libstdcxx-debug --enable-libstdcxx-time=yes --enable-plugin --enable-objc-gc --enable-targets=all --disable-werror --with-arch-32=i686 --with-tune=generic --enable-checking=release --build=i686-linux-gnu --host=i686-linux-gnu --target=i686-linux-gnu
Thread model: posix
gcc version 4.6.1 (Ubuntu/Linaro 4.6.1-9ubuntu3) 
configure:2669: $? = 0
configure:2658: cc -V >&5
cc: error: unrecognized option '-V'
cc: fatal error: no input files
compilation terminated.
configure:2669: $? = 4
configure:2658: cc -qversion >&5
cc: error: unrecognized option '-qversion'
cc: fatal error: no input files
compilation terminated.
configure:2669: $? = 4
configure:2689: checking whether the C compiler works
configure:2711: cc    conftest.c  >&5
configure:2715: $? = 0
configure:2763: result: yes
configure:2766: checking for C compiler default output file name
configure:2768: result: a.out
configure:2774: checking for suffix of executables
configure:2781: cc -o conftest    conftest.c  >&5
configure:2785: $? = 0
configure:2807: result: 
configure:2829: checking whether we are cross compiling
configure:2837: cc -o conftest    conftest.c  >&5
configure:2841: $? = 0
configure:2848: ./conftest
configure:2852: $? = 0
configure:2867: result: no
configure:2872: checking for suffix of object files
configure:2894: cc -c   conftest.c >&5
configure:2898: $? = 0
configure:2919: result: o
configure:2923: checking whether we are using the GNU C compiler
configure:2942: cc -c   conftest.c >&5
configure:2942: $? = 0
configure:2951: result: yes
configure:2960: checking whether cc accepts -g
configure:2980: cc -c -g  conftest.c >&5
configure:2980: $? = 0
configure:3021: result: yes
configure:3038: checking for cc option to accept ISO C89
configure:3102: cc  -c -g -O2  conftest.c >&5
configure:3102: $? = 0
configure:3115: result: none needed
configure:3141: checking how to run the C preprocessor
configure:3172: cc -E  conftest.c
configure:3172: $? = 0
configure:3186: cc -E  conftest.c
conftest.c:9:28: fatal error: ac_nonexistent.h: No such file or directory
compilation terminated.
configure:3186: $? = 1
configure: failed program was:
| /* confdefs.h */
| #define PACKAGE_NAME ""
| #define PACKAGE_TARNAME ""
| #define PACKAGE_VERSION ""
| #define PACKAGE_STRING ""
| #define PACKAGE_BUGREPORT ""
| #define PACKAGE_URL ""
| /* end confdefs.h.  */
| #include <ac_nonexistent.h>
configure:3211: result: cc -E
configure:3231: cc -E  conftest.c
configure:3231: $? = 0
configure:3245: cc -E  conftest.c
conftest.c:9:28: fatal error: ac_nonexistent.h: No such file or directory
compilation terminated.
configure:3245: $? = 1
configure: failed program was:
| /* confdefs.h */
| #define PACKAGE_NAME ""
| #define PACKAGE_TARNAME ""
| #define PACKAGE_VERSION ""
| #define PACKAGE_STRING ""
| #define PACKAGE_BUGREPORT ""
| #define PACKAGE_URL ""
| /* end confdefs.h.  */
| #include <ac_nonexistent.h>
configure:3276: checking for icc
configure:3285: result: no
configure:3299: checking for suncc
configure:3308: result: no
configure:3326: checking whether cc understands -c and -o together
configure:3354: cc -c conftest.c -o conftest2.o >&5
configure:3358: $? = 0
configure:3364: cc -c conftest.c -o conftest2.o >&5
configure:3368: $? = 0
configure:3423: result: yes
configure:3437: checking for system library directory
configure:3452: result: lib
configure:3459: checking if compiler supports -R
configure:3478: cc -o conftest -g -O2   conftest.c -R /usr/lib  >&5
cc: error: unrecognized option '-R'
configure:3478: $? = 1
configure: failed program was:
| /* confdefs.h */
| #define PACKAGE_NAME ""
| #define PACKAGE_TARNAME ""
| #define PACKAGE_VERSION ""
| #define PACKAGE_STRING ""
| #define PACKAGE_BUGREPORT ""
| #define PACKAGE_URL ""
| /* end confdefs.h.  */
| 
| int
| main ()
| {
| 
|   ;
|   return 0;
| }
configure:3488: result: no
configure:3493: checking if compiler supports -Wl,-rpath,
configure:3512: cc -o conftest -g -O2   conftest.c -Wl,-rpath,/usr/lib  >&5
configure:3512: $? = 0
configure:3522: result: yes
configure:3567: checking build system type
configure:3581: result: i686-pc-linux-gnu
configure:3601: checking host system type
configure:3614: result: i686-pc-linux-gnu
configure:3634: checking target system type
configure:3647: result: i686-pc-linux-gnu
configure:3750: checking for PHP prefix
configure:3752: result: /usr/local
configure:3754: checking for PHP includes
configure:3756: result: -I/usr/local/include/php -I/usr/local/include/php/main -I/usr/local/include/php/TSRM -I/usr/local/include/php/Zend -I/usr/local/include/php/ext -I/usr/local/include/php/ext/date/lib
configure:3758: checking for PHP extension directory
configure:3760: result: /usr/local/lib/php/extensions/debug-zts-20100525
configure:3762: checking for PHP installed headers prefix
configure:3764: result: /usr/local/include/php
configure:3767: checking if debug is enabled
configure:3793: result: yes
configure:3796: checking if zts is enabled
configure:3822: result: yes
configure:3893: checking for re2c
configure:3923: result: no
configure:3948: WARNING: You will need re2c 0.13.4 or later if you want to regenerate PHP parsers.
configure:3962: checking for gawk
configure:3993: result: no
configure:3962: checking for nawk
configure:3979: found /usr/bin/nawk
configure:3990: result: nawk
configure:4013: checking if nawk is broken
configure:4020: result: no
configure:4034: checking whether to enable jsmin support
configure:4073: result: yes, shared
configure:4473: checking for ld used by cc
configure:4540: result: /usr/bin/ld
configure:4547: checking if the linker (/usr/bin/ld) is GNU ld
configure:4562: result: yes
configure:4567: checking for /usr/bin/ld option to reload object files
configure:4574: result: -r
configure:4592: checking for BSD-compatible nm
configure:4641: result: /usr/bin/nm -B
configure:4645: checking whether ln -s works
configure:4649: result: yes
configure:4656: checking how to recognize dependent libraries
configure:4842: result: pass_all
configure:5054: checking for ANSI C header files
configure:5074: cc -c -g  -O0  conftest.c >&5
configure:5074: $? = 0
configure:5147: cc -o conftest -g  -O0   conftest.c  >&5
configure:5147: $? = 0
configure:5147: ./conftest
configure:5147: $? = 0
configure:5158: result: yes
configure:5171: checking for sys/types.h
configure:5171: cc -c -g  -O0  conftest.c >&5
configure:5171: $? = 0
configure:5171: result: yes
configure:5171: checking for sys/stat.h
configure:5171: cc -c -g  -O0  conftest.c >&5
configure:5171: $? = 0
configure:5171: result: yes
configure:5171: checking for stdlib.h
configure:5171: cc -c -g  -O0  conftest.c >&5
configure:5171: $? = 0
configure:5171: result: yes
configure:5171: checking for string.h
configure:5171: cc -c -g  -O0  conftest.c >&5
configure:5171: $? = 0
configure:5171: result: yes
configure:5171: checking for memory.h
configure:5171: cc -c -g  -O0  conftest.c >&5
configure:5171: $? = 0
configure:5171: result: yes
configure:5171: checking for strings.h
configure:5171: cc -c -g  -O0  conftest.c >&5
configure:5171: $? = 0
configure:5171: result: yes
configure:5171: checking for inttypes.h
configure:5171: cc -c -g  -O0  conftest.c >&5
configure:5171: $? = 0
configure:5171: result: yes
configure:5171: checking for stdint.h
configure:5171: cc -c -g  -O0  conftest.c >&5
configure:5171: $? = 0
configure:5171: result: yes
configure:5171: checking for unistd.h
configure:5171: cc -c -g  -O0  conftest.c >&5
configure:5171: $? = 0
configure:5171: result: yes
configure:5185: checking dlfcn.h usability
configure:5185: cc -c -g  -O0  conftest.c >&5
configure:5185: $? = 0
configure:5185: result: yes
configure:5185: checking dlfcn.h presence
configure:5185: cc -E  conftest.c
configure:5185: $? = 0
configure:5185: result: yes
configure:5185: checking for dlfcn.h
configure:5185: result: yes
configure:5207: checking the maximum length of command line arguments
configure:5319: result: 1572864
configure:5331: checking command to parse /usr/bin/nm -B output from cc object
configure:5436: cc -c -g  -O0  conftest.c >&5
configure:5439: $? = 0
configure:5443: /usr/bin/nm -B conftest.o \| sed -n -e 's/^.*[ 	]\([ABCDGIRSTW][ABCDGIRSTW]*\)[ 	][ 	]*\([_A-Za-z][_A-Za-z0-9]*\)$/\1 \2 \2/p' \> conftest.nm
configure:5446: $? = 0
configure:5498: cc -o conftest -g  -O0   conftest.c conftstm.o >&5
configure:5501: $? = 0
configure:5539: result: ok
configure:5543: checking for objdir
configure:5558: result: .libs
configure:5650: checking for ar
configure:5666: found /usr/bin/ar
configure:5677: result: ar
configure:5742: checking for ranlib
configure:5758: found /usr/bin/ranlib
configure:5769: result: ranlib
configure:5834: checking for strip
configure:5850: found /usr/bin/strip
configure:5861: result: strip
configure:6430: checking if cc supports -fno-rtti -fno-exceptions
configure:6448: cc -c -g  -O0  -fno-rtti -fno-exceptions conftest.c >&5
cc1: warning: command line option '-fno-rtti' is valid for C++/ObjC++ but not for C [enabled by default]
configure:6452: $? = 0
configure:6465: result: no
configure:6480: checking for cc option to produce PIC
configure:6720: result: -fPIC
configure:6728: checking if cc PIC flag -fPIC works
configure:6746: cc -c -g  -O0  -fPIC -DPIC conftest.c >&5
configure:6750: $? = 0
configure:6763: result: yes
configure:6791: checking if cc static flag -static works
configure:6819: result: yes
configure:6829: checking if cc supports -c -o file.o
configure:6850: cc -c -g  -O0  -o out/conftest2.o conftest.c >&5
configure:6854: $? = 0
configure:6876: result: yes
configure:6902: checking whether the cc linker (/usr/bin/ld) supports shared libraries
configure:7834: result: yes
configure:7855: checking whether -lc should be explicitly linked in
configure:7860: cc -c -g  -O0  conftest.c >&5
configure:7863: $? = 0
configure:7878: cc -shared conftest.o  -v -Wl,-soname -Wl,conftest -o conftest 2\>\&1 \| grep  -lc  \>/dev/null 2\>\&1
configure:7881: $? = 0
configure:7893: result: no
configure:7901: checking dynamic linker characteristics
configure:8503: result: GNU/Linux ld.so
configure:8527: checking how to hardcode library paths into programs
configure:8552: result: immediate
configure:8566: checking whether stripping libraries is possible
configure:8571: result: yes
configure:9088: checking if libtool supports shared libraries
configure:9090: result: yes
configure:9093: checking whether to build shared libraries
configure:9114: result: yes
configure:9117: checking whether to build static libraries
configure:9121: result: no
configure:9216: result:
creating libtool
configure:12919: creating ./config.status

## ---------------------- ##
## Running config.status. ##
## ---------------------- ##

This file was extended by config.status, which was
generated by GNU Autoconf 2.68.  Invocation command line was

  CONFIG_FILES    = 
  CONFIG_HEADERS  = 
  CONFIG_LINKS    = 
  CONFIG_COMMANDS = 
  $ ./config.status 

on andreas-desktop32

config.status:688: creating config.h
config.status:778: config.h is unchanged

## ---------------- ##
## Cache variables. ##
## ---------------- ##

ac_cv_build=i686-pc-linux-gnu
ac_cv_c_compiler_gnu=yes
ac_cv_env_CC_set=
ac_cv_env_CC_value=
ac_cv_env_CFLAGS_set=
ac_cv_env_CFLAGS_value=
ac_cv_env_CPPFLAGS_set=
ac_cv_env_CPPFLAGS_value=
ac_cv_env_CPP_set=
ac_cv_env_CPP_value=
ac_cv_env_LDFLAGS_set=
ac_cv_env_LDFLAGS_value=
ac_cv_env_LIBS_set=
ac_cv_env_LIBS_value=
ac_cv_env_build_alias_set=
ac_cv_env_build_alias_value=
ac_cv_env_host_alias_set=
ac_cv_env_host_alias_value=
ac_cv_env_target_alias_set=
ac_cv_env_target_alias_value=
ac_cv_header_dlfcn_h=yes
ac_cv_header_inttypes_h=yes
ac_cv_header_memory_h=yes
ac_cv_header_stdc=yes
ac_cv_header_stdint_h=yes
ac_cv_header_stdlib_h=yes
ac_cv_header_string_h=yes
ac_cv_header_strings_h=yes
ac_cv_header_sys_stat_h=yes
ac_cv_header_sys_types_h=yes
ac_cv_header_unistd_h=yes
ac_cv_host=i686-pc-linux-gnu
ac_cv_objext=o
ac_cv_path_EGREP='/bin/grep -E'
ac_cv_path_GREP=/bin/grep
ac_cv_prog_AWK=nawk
ac_cv_prog_CPP='cc -E'
ac_cv_prog_ac_ct_AR=ar
ac_cv_prog_ac_ct_CC=cc
ac_cv_prog_ac_ct_RANLIB=ranlib
ac_cv_prog_ac_ct_STRIP=strip
ac_cv_prog_cc_c89=
ac_cv_prog_cc_cc_c_o=yes
ac_cv_prog_cc_g=yes
ac_cv_target=i686-pc-linux-gnu
lt_cv_deplibs_check_method=pass_all
lt_cv_file_magic_cmd='$MAGIC_CMD'
lt_cv_file_magic_test_file=
lt_cv_ld_reload_flag=-r
lt_cv_objdir=.libs
lt_cv_path_LD=/usr/bin/ld
lt_cv_path_NM='/usr/bin/nm -B'
lt_cv_path_SED=/bin/sed
lt_cv_prog_compiler_c_o=yes
lt_cv_prog_compiler_pic_works=yes
lt_cv_prog_compiler_rtti_exceptions=no
lt_cv_prog_compiler_static_works=yes
lt_cv_prog_gnu_ld=yes
lt_cv_sys_global_symbol_pipe='sed -n -e '\''s/^.*[ 	]\([ABCDGIRSTW][ABCDGIRSTW]*\)[ 	][ 	]*\([_A-Za-z][_A-Za-z0-9]*\)$/\1 \2 \2/p'\'''
lt_cv_sys_global_symbol_to_c_name_address='sed -n -e '\''s/^: \([^ ]*\) $/  {\"\1\", (lt_ptr) 0},/p'\'' -e '\''s/^[BCDEGRST] \([^ ]*\) \([^ ]*\)$/  {"\2", (lt_ptr) \&\2},/p'\'''
lt_cv_sys_global_symbol_to_cdecl='sed -n -e '\''s/^. .* \(.*\)$/extern int \1;/p'\'''
lt_cv_sys_lib_dlsearch_path_spec='/lib /usr/lib /usr/lib/fglrx /lib/i386-linux-gnu /usr/lib/i386-linux-gnu /lib/i686-linux-gnu /usr/lib/i686-linux-gnu /usr/local/lib '
lt_cv_sys_lib_search_path_spec='/usr/lib/gcc/i686-linux-gnu/4.6.1 /usr/lib/i386-linux-gnu /usr/lib /lib/i386-linux-gnu /lib'
lt_cv_sys_max_cmd_len=1572864
lt_lt_cv_prog_compiler_c_o='"yes"'
lt_lt_cv_sys_global_symbol_pipe='"sed -n -e '\''s/^.*[ 	]\\([ABCDGIRSTW][ABCDGIRSTW]*\\)[ 	][ 	]*\\([_A-Za-z][_A-Za-z0-9]*\\)\$/\\1 \\2 \\2/p'\''"'
lt_lt_cv_sys_global_symbol_to_c_name_address='"sed -n -e '\''s/^: \\([^ ]*\\) \$/  {\\\"\\1\\\", (lt_ptr) 0},/p'\'' -e '\''s/^[BCDEGRST] \\([^ ]*\\) \\([^ ]*\\)\$/  {\"\\2\", (lt_ptr) \\&\\2},/p'\''"'
lt_lt_cv_sys_global_symbol_to_cdecl='"sed -n -e '\''s/^. .* \\(.*\\)\$/extern int \\1;/p'\''"'
php_cv_cc_dashr=no
php_cv_cc_rpath=yes

## ----------------- ##
## Output variables. ##
## ----------------- ##

AR='ar'
AWK='nawk'
CC='cc'
CFLAGS='-g  -O0'
CONFIGURE_COMMAND=' '\''./configure'\''  '\''--enable-jsmin'\'''
CONFIGURE_OPTIONS=' '\''--enable-jsmin'\'''
CPP='cc -E'
CPPFLAGS=' -DHAVE_CONFIG_H'
DEFS='-DHAVE_CONFIG_H'
DSYMUTIL=''
ECHO='echo'
ECHO_C=''
ECHO_N='-n'
ECHO_T=''
EGREP='/bin/grep -E'
EXEEXT=''
GREP='/bin/grep'
LDFLAGS=''
LIBOBJS=''
LIBS=''
LIBTOOL='$(SHELL) $(top_builddir)/libtool'
LN_S='ln -s'
LTLIBOBJS=''
NMEDIT=''
OBJEXT='o'
PACKAGE_BUGREPORT=''
PACKAGE_NAME=''
PACKAGE_STRING=''
PACKAGE_TARNAME=''
PACKAGE_URL=''
PACKAGE_VERSION=''
PATH_SEPARATOR=':'
RANLIB='ranlib'
RE2C='exit 0;'
SED='/bin/sed'
SHELL='/bin/bash'
SHLIB_DL_SUFFIX_NAME='so'
SHLIB_SUFFIX_NAME='so'
STRIP='strip'
ac_ct_CC='cc'
bindir='${exec_prefix}/bin'
build='i686-pc-linux-gnu'
build_alias=''
build_cpu='i686'
build_os='linux-gnu'
build_vendor='pc'
datadir='${datarootdir}'
datarootdir='${prefix}/share'
docdir='${datarootdir}/doc/${PACKAGE}'
dvidir='${docdir}'
exec_prefix='$(prefix)'
host='i686-pc-linux-gnu'
host_alias='i686-pc-linux-gnu'
host_cpu='i686'
host_os='linux-gnu'
host_vendor='pc'
htmldir='${docdir}'
includedir='${prefix}/include'
infodir='${datarootdir}/info'
libdir='${exec_prefix}/lib'
libexecdir='${exec_prefix}/libexec'
localedir='${datarootdir}/locale'
localstatedir='${prefix}/var'
mandir='${datarootdir}/man'
oldincludedir='/usr/include'
pdfdir='${docdir}'
prefix='/usr/local'
program_transform_name='s,x,x,'
psdir='${docdir}'
sbindir='${exec_prefix}/sbin'
sharedstatedir='${prefix}/com'
sysconfdir='${prefix}/etc'
target='i686-pc-linux-gnu'
target_alias=''
target_cpu='i686'
target_os='linux-gnu'
target_vendor='pc'

## ----------- ##
## confdefs.h. ##
## ----------- ##

/* confdefs.h */
#define PACKAGE_NAME ""
#define PACKAGE_TARNAME ""
#define PACKAGE_VERSION ""
#define PACKAGE_STRING ""
#define PACKAGE_BUGREPORT ""
#define PACKAGE_URL ""
#define COMPILE_DL_JSMIN 1
#define STDC_HEADERS 1
#define HAVE_SYS_TYPES_H 1
#define HAVE_SYS_STAT_H 1
#define HAVE_STDLIB_H 1
#define HAVE_STRING_H 1
#define HAVE_MEMORY_H 1
#define HAVE_STRINGS_H 1
#define HAVE_INTTYPES_H 1
#define HAVE_STDINT_H 1
#define HAVE_UNISTD_H 1
#define HAVE_DLFCN_H 1

configure: exit 0
